<?xml version="1.0" encoding="UTF-8"?>
<testng-results skipped="0" failed="2" ignored="0" total="11" passed="9">
  <reporter-output>
  </reporter-output>
  <suite name="Suite" duration-ms="508121" started-at="2019-11-19T06:37:56Z" finished-at="2019-11-19T06:46:24Z">
    <groups>
    </groups>
    <test name="SK_Login" duration-ms="35705" started-at="2019-11-19T06:37:56Z" finished-at="2019-11-19T06:38:32Z">
      <class name="com.TestNGScript.file.SK_Login">
        <test-method status="PASS" signature="launchSK()[pri:0, instance:com.TestNGScript.file.SK_Login@6b67034]" name="launchSK" is-config="true" duration-ms="30677" started-at="2019-11-19T06:37:56Z" finished-at="2019-11-19T06:38:27Z">
          <reporter-output>
          </reporter-output>
        </test-method> <!-- launchSK -->
        <test-method status="PASS" signature="loginSafetyKuvrr()[pri:0, instance:com.TestNGScript.file.SK_Login@6b67034]" name="loginSafetyKuvrr" duration-ms="4100" started-at="2019-11-19T06:38:27Z" finished-at="2019-11-19T06:38:31Z">
          <reporter-output>
          </reporter-output>
        </test-method> <!-- loginSafetyKuvrr -->
        <test-method status="PASS" signature="closeBrowser()[pri:0, instance:com.TestNGScript.file.SK_Login@6b67034]" name="closeBrowser" is-config="true" duration-ms="842" started-at="2019-11-19T06:38:31Z" finished-at="2019-11-19T06:38:32Z">
          <reporter-output>
          </reporter-output>
        </test-method> <!-- closeBrowser -->
      </class> <!-- com.TestNGScript.file.SK_Login -->
    </test> <!-- SK_Login -->
    <test name="SK_Broadcast" duration-ms="52985" started-at="2019-11-19T06:38:32Z" finished-at="2019-11-19T06:39:25Z">
      <class name="com.TestNGScript.file.SK_Broadcast">
        <test-method status="PASS" signature="launchSKApp()[pri:0, instance:com.TestNGScript.file.SK_Broadcast@7ff2a664]" name="launchSKApp" is-config="true" duration-ms="40236" started-at="2019-11-19T06:38:32Z" finished-at="2019-11-19T06:39:12Z">
          <reporter-output>
          </reporter-output>
        </test-method> <!-- launchSKApp -->
        <test-method status="PASS" signature="launchSafetyApp()[pri:1, instance:com.TestNGScript.file.SK_Broadcast@7ff2a664]" name="launchSafetyApp" duration-ms="11896" started-at="2019-11-19T06:39:12Z" finished-at="2019-11-19T06:39:24Z">
          <reporter-output>
          </reporter-output>
        </test-method> <!-- launchSafetyApp -->
        <test-method status="PASS" signature="closeBrowser()[pri:0, instance:com.TestNGScript.file.SK_Broadcast@7ff2a664]" name="closeBrowser" is-config="true" duration-ms="847" started-at="2019-11-19T06:39:24Z" finished-at="2019-11-19T06:39:25Z">
          <reporter-output>
          </reporter-output>
        </test-method> <!-- closeBrowser -->
      </class> <!-- com.TestNGScript.file.SK_Broadcast -->
    </test> <!-- SK_Broadcast -->
    <test name="SK_HomePage" duration-ms="65748" started-at="2019-11-19T06:39:25Z" finished-at="2019-11-19T06:40:30Z">
      <class name="com.TestNGScript.file.SK_HomePage">
        <test-method status="PASS" signature="launchApp()[pri:0, instance:com.TestNGScript.file.SK_HomePage@6591f517]" name="launchApp" is-config="true" duration-ms="52040" started-at="2019-11-19T06:39:25Z" finished-at="2019-11-19T06:40:17Z">
          <reporter-output>
          </reporter-output>
        </test-method> <!-- launchApp -->
        <test-method status="PASS" signature="TestHambugerMenuClick()[pri:0, instance:com.TestNGScript.file.SK_HomePage@6591f517]" name="TestHambugerMenuClick" duration-ms="12888" started-at="2019-11-19T06:40:17Z" finished-at="2019-11-19T06:40:30Z">
          <reporter-output>
          </reporter-output>
        </test-method> <!-- TestHambugerMenuClick -->
        <test-method status="PASS" signature="closeBrowser()[pri:0, instance:com.TestNGScript.file.SK_HomePage@6591f517]" name="closeBrowser" is-config="true" duration-ms="814" started-at="2019-11-19T06:40:30Z" finished-at="2019-11-19T06:40:30Z">
          <reporter-output>
          </reporter-output>
        </test-method> <!-- closeBrowser -->
      </class> <!-- com.TestNGScript.file.SK_HomePage -->
    </test> <!-- SK_HomePage -->
    <test name="SK_OpenIncident" duration-ms="96602" started-at="2019-11-19T06:40:30Z" finished-at="2019-11-19T06:42:07Z">
      <class name="com.TestNGScript.file.SK_OpenIncident">
        <test-method status="PASS" signature="launchSKApp()[pri:0, instance:com.TestNGScript.file.SK_OpenIncident@35fc6dc4]" name="launchSKApp" is-config="true" duration-ms="57548" started-at="2019-11-19T06:40:30Z" finished-at="2019-11-19T06:41:28Z">
          <reporter-output>
          </reporter-output>
        </test-method> <!-- launchSKApp -->
        <test-method status="PASS" signature="launchSafetyApp()[pri:0, instance:com.TestNGScript.file.SK_OpenIncident@35fc6dc4]" name="launchSafetyApp" duration-ms="39045" started-at="2019-11-19T06:41:28Z" finished-at="2019-11-19T06:42:07Z">
          <reporter-output>
          </reporter-output>
        </test-method> <!-- launchSafetyApp -->
        <test-method status="PASS" signature="closeBrowser()[pri:0, instance:com.TestNGScript.file.SK_OpenIncident@35fc6dc4]" name="closeBrowser" is-config="true" duration-ms="0" started-at="2019-11-19T06:42:07Z" finished-at="2019-11-19T06:42:07Z">
          <reporter-output>
          </reporter-output>
        </test-method> <!-- closeBrowser -->
      </class> <!-- com.TestNGScript.file.SK_OpenIncident -->
    </test> <!-- SK_OpenIncident -->
    <test name="SK_EventAction" duration-ms="85103" started-at="2019-11-19T06:42:07Z" finished-at="2019-11-19T06:43:32Z">
      <class name="com.TestNGScript.file.SK_EventAction">
        <test-method status="PASS" signature="launchSKApp()[pri:0, instance:com.TestNGScript.file.SK_EventAction@1b68b9a4]" name="launchSKApp" is-config="true" duration-ms="45223" started-at="2019-11-19T06:42:07Z" finished-at="2019-11-19T06:42:52Z">
          <reporter-output>
          </reporter-output>
        </test-method> <!-- launchSKApp -->
        <test-method status="PASS" signature="launchSafetyApp()[pri:0, instance:com.TestNGScript.file.SK_EventAction@1b68b9a4]" name="launchSafetyApp" duration-ms="39875" started-at="2019-11-19T06:42:52Z" finished-at="2019-11-19T06:43:32Z">
          <reporter-output>
          </reporter-output>
        </test-method> <!-- launchSafetyApp -->
        <test-method status="PASS" signature="closeBrowser()[pri:0, instance:com.TestNGScript.file.SK_EventAction@1b68b9a4]" name="closeBrowser" is-config="true" duration-ms="0" started-at="2019-11-19T06:43:32Z" finished-at="2019-11-19T06:43:32Z">
          <reporter-output>
          </reporter-output>
        </test-method> <!-- closeBrowser -->
      </class> <!-- com.TestNGScript.file.SK_EventAction -->
    </test> <!-- SK_EventAction -->
    <test name="SK_ShareIncident" duration-ms="90752" started-at="2019-11-19T06:43:32Z" finished-at="2019-11-19T06:45:03Z">
      <class name="com.TestNGScript.file.SK_ShareIncident">
        <test-method status="PASS" signature="launchSKApp()[pri:0, instance:com.TestNGScript.file.SK_ShareIncident@564718df]" name="launchSKApp" is-config="true" duration-ms="49725" started-at="2019-11-19T06:43:32Z" finished-at="2019-11-19T06:44:22Z">
          <reporter-output>
          </reporter-output>
        </test-method> <!-- launchSKApp -->
        <test-method status="PASS" signature="launchSafetyApp()[pri:0, instance:com.TestNGScript.file.SK_ShareIncident@564718df]" name="launchSafetyApp" duration-ms="40041" started-at="2019-11-19T06:44:22Z" finished-at="2019-11-19T06:45:02Z">
          <reporter-output>
          </reporter-output>
        </test-method> <!-- launchSafetyApp -->
        <test-method status="PASS" signature="closeBrowser()[pri:0, instance:com.TestNGScript.file.SK_ShareIncident@564718df]" name="closeBrowser" is-config="true" duration-ms="982" started-at="2019-11-19T06:45:02Z" finished-at="2019-11-19T06:45:03Z">
          <reporter-output>
          </reporter-output>
        </test-method> <!-- closeBrowser -->
      </class> <!-- com.TestNGScript.file.SK_ShareIncident -->
    </test> <!-- SK_ShareIncident -->
    <test name="HomeAmazon" duration-ms="27510" started-at="2019-11-19T06:45:03Z" finished-at="2019-11-19T06:45:30Z">
      <class name="com.TestNGScript.file.HomeAmazon">
        <test-method status="PASS" signature="launchAmazon()[pri:0, instance:com.TestNGScript.file.HomeAmazon@770c2e6b]" name="launchAmazon" is-config="true" duration-ms="7437" started-at="2019-11-19T06:45:03Z" finished-at="2019-11-19T06:45:10Z">
          <reporter-output>
          </reporter-output>
        </test-method> <!-- launchAmazon -->
        <test-method status="PASS" signature="TestHomePageTitle()[pri:1, instance:com.TestNGScript.file.HomeAmazon@770c2e6b]" name="TestHomePageTitle" duration-ms="302" started-at="2019-11-19T06:45:10Z" finished-at="2019-11-19T06:45:11Z">
          <reporter-output>
          </reporter-output>
        </test-method> <!-- TestHomePageTitle -->
        <test-method status="PASS" signature="tearDown()[pri:0, instance:com.TestNGScript.file.HomeAmazon@770c2e6b]" name="tearDown" is-config="true" duration-ms="955" started-at="2019-11-19T06:45:11Z" finished-at="2019-11-19T06:45:12Z">
          <reporter-output>
          </reporter-output>
        </test-method> <!-- tearDown -->
        <test-method status="PASS" signature="launchAmazon()[pri:0, instance:com.TestNGScript.file.HomeAmazon@770c2e6b]" name="launchAmazon" is-config="true" duration-ms="8021" started-at="2019-11-19T06:45:12Z" finished-at="2019-11-19T06:45:20Z">
          <reporter-output>
          </reporter-output>
        </test-method> <!-- launchAmazon -->
        <test-method status="PASS" signature="TestAmazonLogo()[pri:2, instance:com.TestNGScript.file.HomeAmazon@770c2e6b]" name="TestAmazonLogo" duration-ms="553" started-at="2019-11-19T06:45:20Z" finished-at="2019-11-19T06:45:20Z">
          <reporter-output>
          </reporter-output>
        </test-method> <!-- TestAmazonLogo -->
        <test-method status="PASS" signature="tearDown()[pri:0, instance:com.TestNGScript.file.HomeAmazon@770c2e6b]" name="tearDown" is-config="true" duration-ms="926" started-at="2019-11-19T06:45:20Z" finished-at="2019-11-19T06:45:21Z">
          <reporter-output>
          </reporter-output>
        </test-method> <!-- tearDown -->
        <test-method status="PASS" signature="launchAmazon()[pri:0, instance:com.TestNGScript.file.HomeAmazon@770c2e6b]" name="launchAmazon" is-config="true" duration-ms="7884" started-at="2019-11-19T06:45:21Z" finished-at="2019-11-19T06:45:29Z">
          <reporter-output>
          </reporter-output>
        </test-method> <!-- launchAmazon -->
        <test-method status="FAIL" signature="TestAmazonSell()[pri:3, instance:com.TestNGScript.file.HomeAmazon@770c2e6b]" name="TestAmazonSell" duration-ms="540" started-at="2019-11-19T06:45:29Z" finished-at="2019-11-19T06:45:30Z">
          <exception class="org.openqa.selenium.NoSuchElementException">
            <message>
              <![CDATA[no such element: Unable to locate element: {"method":"xpath","selector":"//a[@class='nav-a'][contains(text(),'Sell')]"}
  (Session info: chrome=78.0.3904.97)
For documentation on this error, please visit: https://www.seleniumhq.org/exceptions/no_such_element.html
Build info: version: '3.141.59', revision: 'e82be7d358', time: '2018-11-14T08:17:03'
System info: host: 'CHANDAN', ip: '192.168.0.17', os.name: 'Windows 10', os.arch: 'amd64', os.version: '10.0', java.version: '1.8.0_161'
Driver info: org.openqa.selenium.chrome.ChromeDriver
Capabilities {acceptInsecureCerts: false, browserName: chrome, browserVersion: 78.0.3904.97, chrome: {chromedriverVersion: 78.0.3904.70 (edb9c9f3de024..., userDataDir: C:\Users\Chandan\AppData\Lo...}, goog:chromeOptions: {debuggerAddress: localhost:52620}, javascriptEnabled: true, networkConnectionEnabled: false, pageLoadStrategy: normal, platform: XP, platformName: XP, proxy: Proxy(), setWindowRect: true, strictFileInteractability: false, timeouts: {implicit: 0, pageLoad: 300000, script: 30000}, unhandledPromptBehavior: dismiss and notify}
Session ID: a190755ab93826406ea0e21b765c4490
*** Element info: {Using=xpath, value=//a[@class='nav-a'][contains(text(),'Sell')]}]]>
            </message>
            <full-stacktrace>
              <![CDATA[org.openqa.selenium.NoSuchElementException: no such element: Unable to locate element: {"method":"xpath","selector":"//a[@class='nav-a'][contains(text(),'Sell')]"}
  (Session info: chrome=78.0.3904.97)
For documentation on this error, please visit: https://www.seleniumhq.org/exceptions/no_such_element.html
Build info: version: '3.141.59', revision: 'e82be7d358', time: '2018-11-14T08:17:03'
System info: host: 'CHANDAN', ip: '192.168.0.17', os.name: 'Windows 10', os.arch: 'amd64', os.version: '10.0', java.version: '1.8.0_161'
Driver info: org.openqa.selenium.chrome.ChromeDriver
Capabilities {acceptInsecureCerts: false, browserName: chrome, browserVersion: 78.0.3904.97, chrome: {chromedriverVersion: 78.0.3904.70 (edb9c9f3de024..., userDataDir: C:\Users\Chandan\AppData\Lo...}, goog:chromeOptions: {debuggerAddress: localhost:52620}, javascriptEnabled: true, networkConnectionEnabled: false, pageLoadStrategy: normal, platform: XP, platformName: XP, proxy: Proxy(), setWindowRect: true, strictFileInteractability: false, timeouts: {implicit: 0, pageLoad: 300000, script: 30000}, unhandledPromptBehavior: dismiss and notify}
Session ID: a190755ab93826406ea0e21b765c4490
*** Element info: {Using=xpath, value=//a[@class='nav-a'][contains(text(),'Sell')]}
at sun.reflect.NativeConstructorAccessorImpl.newInstance0(Native Method)
at sun.reflect.NativeConstructorAccessorImpl.newInstance(NativeConstructorAccessorImpl.java:62)
at sun.reflect.DelegatingConstructorAccessorImpl.newInstance(DelegatingConstructorAccessorImpl.java:45)
at java.lang.reflect.Constructor.newInstance(Constructor.java:423)
at org.openqa.selenium.remote.http.W3CHttpResponseCodec.createException(W3CHttpResponseCodec.java:187)
at org.openqa.selenium.remote.http.W3CHttpResponseCodec.decode(W3CHttpResponseCodec.java:122)
at org.openqa.selenium.remote.http.W3CHttpResponseCodec.decode(W3CHttpResponseCodec.java:49)
at org.openqa.selenium.remote.HttpCommandExecutor.execute(HttpCommandExecutor.java:158)
at org.openqa.selenium.remote.service.DriverCommandExecutor.execute(DriverCommandExecutor.java:83)
at org.openqa.selenium.remote.RemoteWebDriver.execute(RemoteWebDriver.java:552)
at org.openqa.selenium.remote.RemoteWebDriver.findElement(RemoteWebDriver.java:323)
at org.openqa.selenium.remote.RemoteWebDriver.findElementByXPath(RemoteWebDriver.java:428)
at org.openqa.selenium.By$ByXPath.findElement(By.java:353)
at org.openqa.selenium.remote.RemoteWebDriver.findElement(RemoteWebDriver.java:315)
at com.PageObjectRepository.file.HomeAmazonPL.BtnSell(HomeAmazonPL.java:13)
at com.BussinessFlow.file.HomeAmazonBL.ClickOnBtnSell(HomeAmazonBL.java:13)
at com.TestNGScript.file.HomeAmazon.TestAmazonSell(HomeAmazon.java:52)
at sun.reflect.NativeMethodAccessorImpl.invoke0(Native Method)
at sun.reflect.NativeMethodAccessorImpl.invoke(NativeMethodAccessorImpl.java:62)
at sun.reflect.DelegatingMethodAccessorImpl.invoke(DelegatingMethodAccessorImpl.java:43)
at java.lang.reflect.Method.invoke(Method.java:498)
at org.testng.internal.MethodInvocationHelper.invokeMethod(MethodInvocationHelper.java:124)
at org.testng.internal.Invoker.invokeMethod(Invoker.java:580)
at org.testng.internal.Invoker.invokeTestMethod(Invoker.java:716)
at org.testng.internal.Invoker.invokeTestMethods(Invoker.java:988)
at org.testng.internal.TestMethodWorker.invokeTestMethods(TestMethodWorker.java:125)
at org.testng.internal.TestMethodWorker.run(TestMethodWorker.java:109)
at org.testng.TestRunner.privateRun(TestRunner.java:648)
at org.testng.TestRunner.run(TestRunner.java:505)
at org.testng.SuiteRunner.runTest(SuiteRunner.java:455)
at org.testng.SuiteRunner.runSequentially(SuiteRunner.java:450)
at org.testng.SuiteRunner.privateRun(SuiteRunner.java:415)
at org.testng.SuiteRunner.run(SuiteRunner.java:364)
at org.testng.SuiteRunnerWorker.runSuite(SuiteRunnerWorker.java:52)
at org.testng.SuiteRunnerWorker.run(SuiteRunnerWorker.java:84)
at org.testng.TestNG.runSuitesSequentially(TestNG.java:1208)
at org.testng.TestNG.runSuitesLocally(TestNG.java:1137)
at org.testng.TestNG.runSuites(TestNG.java:1049)
at org.testng.TestNG.run(TestNG.java:1017)
at org.testng.remote.AbstractRemoteTestNG.run(AbstractRemoteTestNG.java:114)
at org.testng.remote.RemoteTestNG.initAndRun(RemoteTestNG.java:251)
at org.testng.remote.RemoteTestNG.main(RemoteTestNG.java:77)
]]>
            </full-stacktrace>
          </exception> <!-- org.openqa.selenium.NoSuchElementException -->
          <reporter-output>
          </reporter-output>
        </test-method> <!-- TestAmazonSell -->
        <test-method status="PASS" signature="tearDown()[pri:0, instance:com.TestNGScript.file.HomeAmazon@770c2e6b]" name="tearDown" is-config="true" duration-ms="879" started-at="2019-11-19T06:45:30Z" finished-at="2019-11-19T06:45:30Z">
          <reporter-output>
          </reporter-output>
        </test-method> <!-- tearDown -->
      </class> <!-- com.TestNGScript.file.HomeAmazon -->
    </test> <!-- HomeAmazon -->
    <test name="LoginAmazon" duration-ms="13825" started-at="2019-11-19T06:45:31Z" finished-at="2019-11-19T06:45:44Z">
      <class name="com.TestNGScript.file.LoginAmazon">
        <test-method status="PASS" signature="launchAmazon()[pri:0, instance:com.TestNGScript.file.LoginAmazon@145eaa29]" name="launchAmazon" is-config="true" duration-ms="12518" started-at="2019-11-19T06:45:31Z" finished-at="2019-11-19T06:45:43Z">
          <reporter-output>
          </reporter-output>
        </test-method> <!-- launchAmazon -->
        <test-method status="PASS" signature="TestLoginAmazon()[pri:0, instance:com.TestNGScript.file.LoginAmazon@145eaa29]" name="TestLoginAmazon" duration-ms="31" started-at="2019-11-19T06:45:43Z" finished-at="2019-11-19T06:45:43Z">
          <reporter-output>
          </reporter-output>
        </test-method> <!-- TestLoginAmazon -->
        <test-method status="PASS" signature="killApp()[pri:0, instance:com.TestNGScript.file.LoginAmazon@145eaa29]" name="killApp" is-config="true" duration-ms="1274" started-at="2019-11-19T06:45:43Z" finished-at="2019-11-19T06:45:44Z">
          <reporter-output>
          </reporter-output>
        </test-method> <!-- killApp -->
      </class> <!-- com.TestNGScript.file.LoginAmazon -->
    </test> <!-- LoginAmazon -->
    <test name="MakeMyTripHomePage" duration-ms="39741" started-at="2019-11-19T06:45:44Z" finished-at="2019-11-19T06:46:24Z">
      <class name="com.TestNGScript.file.MakeMyTripHomePage">
        <test-method status="PASS" signature="openMMT()[pri:0, instance:com.TestNGScript.file.MakeMyTripHomePage@36f0f1be]" name="openMMT" is-config="true" duration-ms="7136" started-at="2019-11-19T06:45:44Z" finished-at="2019-11-19T06:45:51Z">
          <reporter-output>
          </reporter-output>
        </test-method> <!-- openMMT -->
        <test-method status="FAIL" signature="BookTicket()[pri:0, instance:com.TestNGScript.file.MakeMyTripHomePage@36f0f1be]" name="BookTicket" duration-ms="29714" started-at="2019-11-19T06:45:51Z" finished-at="2019-11-19T06:46:21Z">
          <exception class="org.openqa.selenium.StaleElementReferenceException">
            <message>
              <![CDATA[stale element reference: element is not attached to the page document
  (Session info: chrome=78.0.3904.97)
For documentation on this error, please visit: https://www.seleniumhq.org/exceptions/stale_element_reference.html
Build info: version: '3.141.59', revision: 'e82be7d358', time: '2018-11-14T08:17:03'
System info: host: 'CHANDAN', ip: '192.168.0.17', os.name: 'Windows 10', os.arch: 'amd64', os.version: '10.0', java.version: '1.8.0_161'
Driver info: org.openqa.selenium.chrome.ChromeDriver
Capabilities {acceptInsecureCerts: false, browserName: chrome, browserVersion: 78.0.3904.97, chrome: {chromedriverVersion: 78.0.3904.70 (edb9c9f3de024..., userDataDir: C:\Users\Chandan\AppData\Lo...}, goog:chromeOptions: {debuggerAddress: localhost:52734}, javascriptEnabled: true, networkConnectionEnabled: false, pageLoadStrategy: normal, platform: XP, platformName: XP, proxy: Proxy(), setWindowRect: true, strictFileInteractability: false, timeouts: {implicit: 0, pageLoad: 300000, script: 30000}, unhandledPromptBehavior: dismiss and notify}
Session ID: 402d06e51b29601c6be38ccef656abe8]]>
            </message>
            <full-stacktrace>
              <![CDATA[org.openqa.selenium.StaleElementReferenceException: stale element reference: element is not attached to the page document
  (Session info: chrome=78.0.3904.97)
For documentation on this error, please visit: https://www.seleniumhq.org/exceptions/stale_element_reference.html
Build info: version: '3.141.59', revision: 'e82be7d358', time: '2018-11-14T08:17:03'
System info: host: 'CHANDAN', ip: '192.168.0.17', os.name: 'Windows 10', os.arch: 'amd64', os.version: '10.0', java.version: '1.8.0_161'
Driver info: org.openqa.selenium.chrome.ChromeDriver
Capabilities {acceptInsecureCerts: false, browserName: chrome, browserVersion: 78.0.3904.97, chrome: {chromedriverVersion: 78.0.3904.70 (edb9c9f3de024..., userDataDir: C:\Users\Chandan\AppData\Lo...}, goog:chromeOptions: {debuggerAddress: localhost:52734}, javascriptEnabled: true, networkConnectionEnabled: false, pageLoadStrategy: normal, platform: XP, platformName: XP, proxy: Proxy(), setWindowRect: true, strictFileInteractability: false, timeouts: {implicit: 0, pageLoad: 300000, script: 30000}, unhandledPromptBehavior: dismiss and notify}
Session ID: 402d06e51b29601c6be38ccef656abe8
at sun.reflect.NativeConstructorAccessorImpl.newInstance0(Native Method)
at sun.reflect.NativeConstructorAccessorImpl.newInstance(NativeConstructorAccessorImpl.java:62)
at sun.reflect.DelegatingConstructorAccessorImpl.newInstance(DelegatingConstructorAccessorImpl.java:45)
at java.lang.reflect.Constructor.newInstance(Constructor.java:423)
at org.openqa.selenium.remote.http.W3CHttpResponseCodec.createException(W3CHttpResponseCodec.java:187)
at org.openqa.selenium.remote.http.W3CHttpResponseCodec.decode(W3CHttpResponseCodec.java:122)
at org.openqa.selenium.remote.http.W3CHttpResponseCodec.decode(W3CHttpResponseCodec.java:49)
at org.openqa.selenium.remote.HttpCommandExecutor.execute(HttpCommandExecutor.java:158)
at org.openqa.selenium.remote.service.DriverCommandExecutor.execute(DriverCommandExecutor.java:83)
at org.openqa.selenium.remote.RemoteWebDriver.execute(RemoteWebDriver.java:552)
at org.openqa.selenium.remote.RemoteWebElement.execute(RemoteWebElement.java:285)
at org.openqa.selenium.remote.RemoteWebElement.getText(RemoteWebElement.java:166)
at com.BussinessFlow.file.MakeMyTripHomePageBL.Select_City(MakeMyTripHomePageBL.java:87)
at com.TestNGScript.file.MakeMyTripHomePage.BookTicket(MakeMyTripHomePage.java:44)
at sun.reflect.NativeMethodAccessorImpl.invoke0(Native Method)
at sun.reflect.NativeMethodAccessorImpl.invoke(NativeMethodAccessorImpl.java:62)
at sun.reflect.DelegatingMethodAccessorImpl.invoke(DelegatingMethodAccessorImpl.java:43)
at java.lang.reflect.Method.invoke(Method.java:498)
at org.testng.internal.MethodInvocationHelper.invokeMethod(MethodInvocationHelper.java:124)
at org.testng.internal.Invoker.invokeMethod(Invoker.java:580)
at org.testng.internal.Invoker.invokeTestMethod(Invoker.java:716)
at org.testng.internal.Invoker.invokeTestMethods(Invoker.java:988)
at org.testng.internal.TestMethodWorker.invokeTestMethods(TestMethodWorker.java:125)
at org.testng.internal.TestMethodWorker.run(TestMethodWorker.java:109)
at org.testng.TestRunner.privateRun(TestRunner.java:648)
at org.testng.TestRunner.run(TestRunner.java:505)
at org.testng.SuiteRunner.runTest(SuiteRunner.java:455)
at org.testng.SuiteRunner.runSequentially(SuiteRunner.java:450)
at org.testng.SuiteRunner.privateRun(SuiteRunner.java:415)
at org.testng.SuiteRunner.run(SuiteRunner.java:364)
at org.testng.SuiteRunnerWorker.runSuite(SuiteRunnerWorker.java:52)
at org.testng.SuiteRunnerWorker.run(SuiteRunnerWorker.java:84)
at org.testng.TestNG.runSuitesSequentially(TestNG.java:1208)
at org.testng.TestNG.runSuitesLocally(TestNG.java:1137)
at org.testng.TestNG.runSuites(TestNG.java:1049)
at org.testng.TestNG.run(TestNG.java:1017)
at org.testng.remote.AbstractRemoteTestNG.run(AbstractRemoteTestNG.java:114)
at org.testng.remote.RemoteTestNG.initAndRun(RemoteTestNG.java:251)
at org.testng.remote.RemoteTestNG.main(RemoteTestNG.java:77)
]]>
            </full-stacktrace>
          </exception> <!-- org.openqa.selenium.StaleElementReferenceException -->
          <reporter-output>
          </reporter-output>
        </test-method> <!-- BookTicket -->
        <test-method status="PASS" signature="CloseApp()[pri:0, instance:com.TestNGScript.file.MakeMyTripHomePage@36f0f1be]" name="CloseApp" is-config="true" duration-ms="2887" started-at="2019-11-19T06:46:21Z" finished-at="2019-11-19T06:46:24Z">
          <reporter-output>
          </reporter-output>
        </test-method> <!-- CloseApp -->
      </class> <!-- com.TestNGScript.file.MakeMyTripHomePage -->
    </test> <!-- MakeMyTripHomePage -->
  </suite> <!-- Suite -->
</testng-results>
