<?xml version="1.0" encoding="UTF-8"?>
<!-- Generated by org.testng.reporters.JUnitReportReporter -->
<testsuite skipped="1" hostname="Chandan" name="com.TestNGScript.file.SK_LA_ShareeActiveEvent" tests="2" failures="0" timestamp="29 May 2020 08:28:15 GMT" time="7.009" errors="1">
  <testcase name="verifyCloseAction" time="0.000" classname="com.TestNGScript.file.SK_LA_ShareeActiveEvent">
    <skipped/>
  </testcase> <!-- verifyCloseAction -->
  <testcase name="launchSKApp" time="7.009" classname="com.TestNGScript.file.SK_LA_ShareeActiveEvent">
    <error type="org.openqa.selenium.SessionNotCreatedException" message="session not created: This version of ChromeDriver only supports Chrome version 80
Build info: version: &#039;3.141.59&#039;, revision: &#039;e82be7d358&#039;, time: &#039;2018-11-14T08:17:03&#039;
System info: host: &#039;CHANDAN&#039;, ip: &#039;192.168.42.242&#039;, os.name: &#039;Windows 10&#039;, os.arch: &#039;amd64&#039;, os.version: &#039;10.0&#039;, java.version: &#039;1.8.0_161&#039;
Driver info: driver.version: ChromeDriver
remote stacktrace: Backtrace:
	Ordinal0 [0x00FE0C83+1707139]
	Ordinal0 [0x00F468F1+1075441]
	Ordinal0 [0x00EBDFC9+516041]
	Ordinal0 [0x00E50554+66900]
	Ordinal0 [0x00E4CCE2+52450]
	Ordinal0 [0x00E6BFD7+180183]
	Ordinal0 [0x00E6BDDD+179677]
	Ordinal0 [0x00E69D4B+171339]
	Ordinal0 [0x00E51D4A+73034]
	Ordinal0 [0x00E52DC0+77248]
	Ordinal0 [0x00E52D59+77145]
	Ordinal0 [0x00F5BB67+1162087]
	GetHandleVerifier [0x0107A966+508998]
	GetHandleVerifier [0x0107A6A4+508292]
	GetHandleVerifier [0x0108F7B7+594583]
	GetHandleVerifier [0x0107B1D6+511158]
	Ordinal0 [0x00F5402C+1130540]
	Ordinal0 [0x00F5D4CB+1168587]
	Ordinal0 [0x00F5D633+1168947]
	Ordinal0 [0x00F75B35+1268533]
	BaseThreadInitThunk [0x77146359+25]
	RtlGetAppContainerNamedObjectPath [0x77A97C24+228]
	RtlGetAppContainerNamedObjectPath [0x77A97BF4+180]
">
      <![CDATA[org.openqa.selenium.SessionNotCreatedException: session not created: This version of ChromeDriver only supports Chrome version 80
Build info: version: '3.141.59', revision: 'e82be7d358', time: '2018-11-14T08:17:03'
System info: host: 'CHANDAN', ip: '192.168.42.242', os.name: 'Windows 10', os.arch: 'amd64', os.version: '10.0', java.version: '1.8.0_161'
Driver info: driver.version: ChromeDriver
remote stacktrace: Backtrace:
Ordinal0 [0x00FE0C83+1707139]
Ordinal0 [0x00F468F1+1075441]
Ordinal0 [0x00EBDFC9+516041]
Ordinal0 [0x00E50554+66900]
Ordinal0 [0x00E4CCE2+52450]
Ordinal0 [0x00E6BFD7+180183]
Ordinal0 [0x00E6BDDD+179677]
Ordinal0 [0x00E69D4B+171339]
Ordinal0 [0x00E51D4A+73034]
Ordinal0 [0x00E52DC0+77248]
Ordinal0 [0x00E52D59+77145]
Ordinal0 [0x00F5BB67+1162087]
GetHandleVerifier [0x0107A966+508998]
GetHandleVerifier [0x0107A6A4+508292]
GetHandleVerifier [0x0108F7B7+594583]
GetHandleVerifier [0x0107B1D6+511158]
Ordinal0 [0x00F5402C+1130540]
Ordinal0 [0x00F5D4CB+1168587]
Ordinal0 [0x00F5D633+1168947]
Ordinal0 [0x00F75B35+1268533]
BaseThreadInitThunk [0x77146359+25]
RtlGetAppContainerNamedObjectPath [0x77A97C24+228]
RtlGetAppContainerNamedObjectPath [0x77A97BF4+180]

at sun.reflect.NativeConstructorAccessorImpl.newInstance0(Native Method)
at sun.reflect.NativeConstructorAccessorImpl.newInstance(NativeConstructorAccessorImpl.java:62)
at sun.reflect.DelegatingConstructorAccessorImpl.newInstance(DelegatingConstructorAccessorImpl.java:45)
at java.lang.reflect.Constructor.newInstance(Constructor.java:423)
at org.openqa.selenium.remote.W3CHandshakeResponse.lambda$errorHandler$0(W3CHandshakeResponse.java:62)
at org.openqa.selenium.remote.HandshakeResponse.lambda$getResponseFunction$0(HandshakeResponse.java:30)
at org.openqa.selenium.remote.ProtocolHandshake.lambda$createSession$0(ProtocolHandshake.java:126)
at java.util.stream.ReferencePipeline$3$1.accept(ReferencePipeline.java:193)
at java.util.Spliterators$ArraySpliterator.tryAdvance(Spliterators.java:958)
at java.util.stream.ReferencePipeline.forEachWithCancel(ReferencePipeline.java:126)
at java.util.stream.AbstractPipeline.copyIntoWithCancel(AbstractPipeline.java:498)
at java.util.stream.AbstractPipeline.copyInto(AbstractPipeline.java:485)
at java.util.stream.AbstractPipeline.wrapAndCopyInto(AbstractPipeline.java:471)
at java.util.stream.FindOps$FindOp.evaluateSequential(FindOps.java:152)
at java.util.stream.AbstractPipeline.evaluate(AbstractPipeline.java:234)
at java.util.stream.ReferencePipeline.findFirst(ReferencePipeline.java:464)
at org.openqa.selenium.remote.ProtocolHandshake.createSession(ProtocolHandshake.java:128)
at org.openqa.selenium.remote.ProtocolHandshake.createSession(ProtocolHandshake.java:74)
at org.openqa.selenium.remote.HttpCommandExecutor.execute(HttpCommandExecutor.java:136)
at org.openqa.selenium.remote.service.DriverCommandExecutor.execute(DriverCommandExecutor.java:83)
at org.openqa.selenium.remote.RemoteWebDriver.execute(RemoteWebDriver.java:552)
at org.openqa.selenium.remote.RemoteWebDriver.startSession(RemoteWebDriver.java:213)
at org.openqa.selenium.remote.RemoteWebDriver.<init>(RemoteWebDriver.java:131)
at org.openqa.selenium.chrome.ChromeDriver.<init>(ChromeDriver.java:181)
at org.openqa.selenium.chrome.ChromeDriver.<init>(ChromeDriver.java:168)
at org.openqa.selenium.chrome.ChromeDriver.<init>(ChromeDriver.java:123)
at com.Commonutills.file.Base.chromeDriver(Base.java:47)
at com.Commonutills.file.Base.openIntSKApp(Base.java:74)
at com.TestNGScript.file.SK_LA_ShareeActiveEvent.launchSKApp(SK_LA_ShareeActiveEvent.java:32)
at sun.reflect.NativeMethodAccessorImpl.invoke0(Native Method)
at sun.reflect.NativeMethodAccessorImpl.invoke(NativeMethodAccessorImpl.java:62)
at sun.reflect.DelegatingMethodAccessorImpl.invoke(DelegatingMethodAccessorImpl.java:43)
at java.lang.reflect.Method.invoke(Method.java:498)
at org.testng.internal.MethodInvocationHelper.invokeMethod(MethodInvocationHelper.java:124)
at org.testng.internal.MethodInvocationHelper.invokeMethodConsideringTimeout(MethodInvocationHelper.java:59)
at org.testng.internal.Invoker.invokeConfigurationMethod(Invoker.java:455)
at org.testng.internal.Invoker.invokeConfigurations(Invoker.java:222)
at org.testng.internal.Invoker.invokeMethod(Invoker.java:520)
at org.testng.internal.Invoker.invokeTestMethod(Invoker.java:716)
at org.testng.internal.Invoker.invokeTestMethods(Invoker.java:988)
at org.testng.internal.TestMethodWorker.invokeTestMethods(TestMethodWorker.java:125)
at org.testng.internal.TestMethodWorker.run(TestMethodWorker.java:109)
at org.testng.TestRunner.privateRun(TestRunner.java:648)
at org.testng.TestRunner.run(TestRunner.java:505)
at org.testng.SuiteRunner.runTest(SuiteRunner.java:455)
at org.testng.SuiteRunner.runSequentially(SuiteRunner.java:450)
at org.testng.SuiteRunner.privateRun(SuiteRunner.java:415)
at org.testng.SuiteRunner.run(SuiteRunner.java:364)
at org.testng.SuiteRunnerWorker.runSuite(SuiteRunnerWorker.java:52)
at org.testng.SuiteRunnerWorker.run(SuiteRunnerWorker.java:84)
at org.testng.TestNG.runSuitesSequentially(TestNG.java:1208)
at org.testng.TestNG.runSuitesLocally(TestNG.java:1137)
at org.testng.TestNG.runSuites(TestNG.java:1049)
at org.testng.TestNG.run(TestNG.java:1017)
at org.testng.remote.AbstractRemoteTestNG.run(AbstractRemoteTestNG.java:114)
at org.testng.remote.RemoteTestNG.initAndRun(RemoteTestNG.java:251)
at org.testng.remote.RemoteTestNG.main(RemoteTestNG.java:77)
]]>
    </error>
  </testcase> <!-- launchSKApp -->
</testsuite> <!-- com.TestNGScript.file.SK_LA_ShareeActiveEvent -->
